<?xml version="1.0" encoding="UTF-8"?>
<!-- Generated by org.testng.reporters.JUnitXMLReporter -->
<testsuite ignored="1" hostname="DESKTOP-JFEFVNT" failures="1" tests="8" name="DemoTest" time="14.17" errors="0" timestamp="2023-06-23T11:42:21 IST">
  <testcase classname="Test.Test3" name="G" time="0.013"/>
  <testcase classname="Test.Test3" name="H" time="0.007">
    <failure type="java.lang.AssertionError" message="expected [true] but found [false]">
      <![CDATA[java.lang.AssertionError: expected [true] but found [false]
at Test.Test3.H(Test3.java:25)
at java.base/java.util.ArrayList.forEach(ArrayList.java:1511)
... Removed 29 stack frames]]>
    </failure>
  </testcase> <!-- H -->
  <testcase classname="Test.Test3" name="R" time="0.0">
    <skipped/>
  </testcase> <!-- R -->
  <testcase classname="Test.Test3" name="A" time="0.004"/>
  <testcase classname="Test.Test3" name="A" time="0.008"/>
  <testcase classname="Test.Test_1" name="Test1" time="0.002"/>
  <testcase classname="Test.Test_1" name="Test2" time="0.003"/>
  <testcase classname="Test.Test_1" name="Test3" time="0.002"/>
  <testcase classname="Test.Test3" name="Z" time="0.0">
    <ignored/>
  </testcase> <!-- Z -->
</testsuite> <!-- DemoTest -->
