<?xml version="1.0" encoding="UTF-8"?>
<testng-results ignored="0" total="1" passed="1" failed="0" skipped="0">
  <reporter-output>
  </reporter-output>
  <suite started-at="2023-07-18T14:28:42 IST" name="Default suite" finished-at="2023-07-18T14:28:48 IST" duration-ms="6659">
    <groups>
    </groups>
    <test started-at="2023-07-18T14:28:42 IST" name="Default test" finished-at="2023-07-18T14:28:48 IST" duration-ms="6659">
      <class name="DemoTest.TestLogin">
        <test-method signature="test()[pri:0, instance:DemoTest.TestLogin@5bd03f44]" started-at="2023-07-18T14:28:42 IST" name="test" finished-at="2023-07-18T14:28:48 IST" duration-ms="6592" status="PASS">
          <reporter-output>
          </reporter-output>
        </test-method> <!-- test -->
      </class> <!-- DemoTest.TestLogin -->
    </test> <!-- Default test -->
  </suite> <!-- Default suite -->
</testng-results>
